<?xml version="1.0" encoding="UTF-8"?>
<testsuite xmlns:xsi="http://www.w3.org/2001/XMLSchema-instance" xsi:noNamespaceSchemaLocation="https://maven.apache.org/surefire/maven-surefire-plugin/xsd/surefire-test-report-3.0.xsd" version="3.0" name="projektZajavka2.controller.rest.CategoryRestControllerTest" time="4.754" tests="4" errors="0" skipped="0" failures="0">
  <properties>
    <property name="java.specification.version" value="22"/>
    <property name="sun.cpu.isalist" value="amd64"/>
    <property name="sun.jnu.encoding" value="Cp1250"/>
    <property name="java.class.path" value="D:\java nauka\projektZajavka2\target\test-classes;D:\java nauka\projektZajavka2\target\classes;C:\Users\L.M\.m2\repository\org\springframework\boot\spring-boot-starter-data-jpa\3.3.3\spring-boot-starter-data-jpa-3.3.3.jar;C:\Users\L.M\.m2\repository\org\springframework\boot\spring-boot-starter-aop\3.3.3\spring-boot-starter-aop-3.3.3.jar;C:\Users\L.M\.m2\repository\org\aspectj\aspectjweaver\1.9.22.1\aspectjweaver-1.9.22.1.jar;C:\Users\L.M\.m2\repository\org\springframework\boot\spring-boot-starter-jdbc\3.3.3\spring-boot-starter-jdbc-3.3.3.jar;C:\Users\L.M\.m2\repository\com\zaxxer\HikariCP\5.1.0\HikariCP-5.1.0.jar;C:\Users\L.M\.m2\repository\org\springframework\spring-jdbc\6.1.12\spring-jdbc-6.1.12.jar;C:\Users\L.M\.m2\repository\org\hibernate\orm\hibernate-core\6.5.2.Final\hibernate-core-6.5.2.Final.jar;C:\Users\L.M\.m2\repository\jakarta\persistence\jakarta.persistence-api\3.1.0\jakarta.persistence-api-3.1.0.jar;C:\Users\L.M\.m2\repository\jakarta\transaction\jakarta.transaction-api\2.0.1\jakarta.transaction-api-2.0.1.jar;C:\Users\L.M\.m2\repository\org\jboss\logging\jboss-logging\3.5.3.Final\jboss-logging-3.5.3.Final.jar;C:\Users\L.M\.m2\repository\org\hibernate\common\hibernate-commons-annotations\6.0.6.Final\hibernate-commons-annotations-6.0.6.Final.jar;C:\Users\L.M\.m2\repository\io\smallrye\jandex\3.1.2\jandex-3.1.2.jar;C:\Users\L.M\.m2\repository\com\fasterxml\classmate\1.7.0\classmate-1.7.0.jar;C:\Users\L.M\.m2\repository\net\bytebuddy\byte-buddy\1.14.19\byte-buddy-1.14.19.jar;C:\Users\L.M\.m2\repository\org\glassfish\jaxb\jaxb-runtime\4.0.5\jaxb-runtime-4.0.5.jar;C:\Users\L.M\.m2\repository\org\glassfish\jaxb\jaxb-core\4.0.5\jaxb-core-4.0.5.jar;C:\Users\L.M\.m2\repository\org\eclipse\angus\angus-activation\2.0.2\angus-activation-2.0.2.jar;C:\Users\L.M\.m2\repository\org\glassfish\jaxb\txw2\4.0.5\txw2-4.0.5.jar;C:\Users\L.M\.m2\repository\com\sun\istack\istack-commons-runtime\4.1.2\istack-commons-runtime-4.1.2.jar;C:\Users\L.M\.m2\repository\jakarta\inject\jakarta.inject-api\2.0.1\jakarta.inject-api-2.0.1.jar;C:\Users\L.M\.m2\repository\org\antlr\antlr4-runtime\4.13.0\antlr4-runtime-4.13.0.jar;C:\Users\L.M\.m2\repository\org\springframework\data\spring-data-jpa\3.3.3\spring-data-jpa-3.3.3.jar;C:\Users\L.M\.m2\repository\org\springframework\data\spring-data-commons\3.3.3\spring-data-commons-3.3.3.jar;C:\Users\L.M\.m2\repository\org\springframework\spring-orm\6.1.12\spring-orm-6.1.12.jar;C:\Users\L.M\.m2\repository\org\springframework\spring-context\6.1.12\spring-context-6.1.12.jar;C:\Users\L.M\.m2\repository\org\springframework\spring-tx\6.1.12\spring-tx-6.1.12.jar;C:\Users\L.M\.m2\repository\org\springframework\spring-beans\6.1.12\spring-beans-6.1.12.jar;C:\Users\L.M\.m2\repository\jakarta\annotation\jakarta.annotation-api\2.1.1\jakarta.annotation-api-2.1.1.jar;C:\Users\L.M\.m2\repository\org\slf4j\slf4j-api\2.0.16\slf4j-api-2.0.16.jar;C:\Users\L.M\.m2\repository\org\springframework\spring-aspects\6.1.12\spring-aspects-6.1.12.jar;C:\Users\L.M\.m2\repository\org\springframework\boot\spring-boot-starter-web\3.3.3\spring-boot-starter-web-3.3.3.jar;C:\Users\L.M\.m2\repository\org\springframework\boot\spring-boot-starter\3.3.3\spring-boot-starter-3.3.3.jar;C:\Users\L.M\.m2\repository\org\springframework\boot\spring-boot\3.3.3\spring-boot-3.3.3.jar;C:\Users\L.M\.m2\repository\org\springframework\boot\spring-boot-autoconfigure\3.3.3\spring-boot-autoconfigure-3.3.3.jar;C:\Users\L.M\.m2\repository\org\springframework\boot\spring-boot-starter-logging\3.3.3\spring-boot-starter-logging-3.3.3.jar;C:\Users\L.M\.m2\repository\ch\qos\logback\logback-classic\1.5.7\logback-classic-1.5.7.jar;C:\Users\L.M\.m2\repository\ch\qos\logback\logback-core\1.5.7\logback-core-1.5.7.jar;C:\Users\L.M\.m2\repository\org\apache\logging\log4j\log4j-to-slf4j\2.23.1\log4j-to-slf4j-2.23.1.jar;C:\Users\L.M\.m2\repository\org\apache\logging\log4j\log4j-api\2.23.1\log4j-api-2.23.1.jar;C:\Users\L.M\.m2\repository\org\slf4j\jul-to-slf4j\2.0.16\jul-to-slf4j-2.0.16.jar;C:\Users\L.M\.m2\repository\org\yaml\snakeyaml\2.2\snakeyaml-2.2.jar;C:\Users\L.M\.m2\repository\org\springframework\boot\spring-boot-starter-json\3.3.3\spring-boot-starter-json-3.3.3.jar;C:\Users\L.M\.m2\repository\com\fasterxml\jackson\datatype\jackson-datatype-jdk8\2.17.2\jackson-datatype-jdk8-2.17.2.jar;C:\Users\L.M\.m2\repository\com\fasterxml\jackson\module\jackson-module-parameter-names\2.17.2\jackson-module-parameter-names-2.17.2.jar;C:\Users\L.M\.m2\repository\org\springframework\boot\spring-boot-starter-tomcat\3.3.3\spring-boot-starter-tomcat-3.3.3.jar;C:\Users\L.M\.m2\repository\org\apache\tomcat\embed\tomcat-embed-core\10.1.28\tomcat-embed-core-10.1.28.jar;C:\Users\L.M\.m2\repository\org\apache\tomcat\embed\tomcat-embed-el\10.1.28\tomcat-embed-el-10.1.28.jar;C:\Users\L.M\.m2\repository\org\apache\tomcat\embed\tomcat-embed-websocket\10.1.28\tomcat-embed-websocket-10.1.28.jar;C:\Users\L.M\.m2\repository\org\springframework\spring-web\6.1.12\spring-web-6.1.12.jar;C:\Users\L.M\.m2\repository\io\micrometer\micrometer-observation\1.13.3\micrometer-observation-1.13.3.jar;C:\Users\L.M\.m2\repository\io\micrometer\micrometer-commons\1.13.3\micrometer-commons-1.13.3.jar;C:\Users\L.M\.m2\repository\org\springframework\spring-webmvc\6.1.12\spring-webmvc-6.1.12.jar;C:\Users\L.M\.m2\repository\org\springframework\spring-expression\6.1.12\spring-expression-6.1.12.jar;C:\Users\L.M\.m2\repository\org\springframework\boot\spring-boot-starter-security\3.3.3\spring-boot-starter-security-3.3.3.jar;C:\Users\L.M\.m2\repository\org\springframework\spring-aop\6.1.12\spring-aop-6.1.12.jar;C:\Users\L.M\.m2\repository\org\springframework\security\spring-security-config\6.3.3\spring-security-config-6.3.3.jar;C:\Users\L.M\.m2\repository\org\springframework\security\spring-security-web\6.3.3\spring-security-web-6.3.3.jar;C:\Users\L.M\.m2\repository\org\springframework\boot\spring-boot-starter-thymeleaf\3.3.3\spring-boot-starter-thymeleaf-3.3.3.jar;C:\Users\L.M\.m2\repository\org\thymeleaf\thymeleaf-spring6\3.1.2.RELEASE\thymeleaf-spring6-3.1.2.RELEASE.jar;C:\Users\L.M\.m2\repository\org\thymeleaf\thymeleaf\3.1.2.RELEASE\thymeleaf-3.1.2.RELEASE.jar;C:\Users\L.M\.m2\repository\org\attoparser\attoparser\2.0.7.RELEASE\attoparser-2.0.7.RELEASE.jar;C:\Users\L.M\.m2\repository\org\unbescape\unbescape\1.1.6.RELEASE\unbescape-1.1.6.RELEASE.jar;C:\Users\L.M\.m2\repository\jakarta\validation\jakarta.validation-api\3.1.0\jakarta.validation-api-3.1.0.jar;C:\Users\L.M\.m2\repository\com\h2database\h2\2.2.224\h2-2.2.224.jar;C:\Users\L.M\.m2\repository\org\projectlombok\lombok\1.18.34\lombok-1.18.34.jar;C:\Users\L.M\.m2\repository\org\springframework\security\spring-security-test\6.3.3\spring-security-test-6.3.3.jar;C:\Users\L.M\.m2\repository\org\springframework\security\spring-security-core\6.3.3\spring-security-core-6.3.3.jar;C:\Users\L.M\.m2\repository\org\springframework\security\spring-security-crypto\6.3.3\spring-security-crypto-6.3.3.jar;C:\Users\L.M\.m2\repository\org\springframework\spring-core\6.1.12\spring-core-6.1.12.jar;C:\Users\L.M\.m2\repository\org\springframework\spring-jcl\6.1.12\spring-jcl-6.1.12.jar;C:\Users\L.M\.m2\repository\org\springframework\spring-test\6.1.12\spring-test-6.1.12.jar;C:\Users\L.M\.m2\repository\org\springframework\boot\spring-boot-starter-test\3.3.3\spring-boot-starter-test-3.3.3.jar;C:\Users\L.M\.m2\repository\org\springframework\boot\spring-boot-test\3.3.3\spring-boot-test-3.3.3.jar;C:\Users\L.M\.m2\repository\org\springframework\boot\spring-boot-test-autoconfigure\3.3.3\spring-boot-test-autoconfigure-3.3.3.jar;C:\Users\L.M\.m2\repository\com\jayway\jsonpath\json-path\2.9.0\json-path-2.9.0.jar;C:\Users\L.M\.m2\repository\jakarta\xml\bind\jakarta.xml.bind-api\4.0.2\jakarta.xml.bind-api-4.0.2.jar;C:\Users\L.M\.m2\repository\jakarta\activation\jakarta.activation-api\2.1.3\jakarta.activation-api-2.1.3.jar;C:\Users\L.M\.m2\repository\net\minidev\json-smart\2.5.1\json-smart-2.5.1.jar;C:\Users\L.M\.m2\repository\net\minidev\accessors-smart\2.5.1\accessors-smart-2.5.1.jar;C:\Users\L.M\.m2\repository\org\ow2\asm\asm\9.6\asm-9.6.jar;C:\Users\L.M\.m2\repository\org\assertj\assertj-core\3.25.3\assertj-core-3.25.3.jar;C:\Users\L.M\.m2\repository\org\awaitility\awaitility\4.2.2\awaitility-4.2.2.jar;C:\Users\L.M\.m2\repository\org\junit\jupiter\junit-jupiter\5.10.3\junit-jupiter-5.10.3.jar;C:\Users\L.M\.m2\repository\org\junit\jupiter\junit-jupiter-api\5.10.3\junit-jupiter-api-5.10.3.jar;C:\Users\L.M\.m2\repository\org\opentest4j\opentest4j\1.3.0\opentest4j-1.3.0.jar;C:\Users\L.M\.m2\repository\org\junit\platform\junit-platform-commons\1.10.3\junit-platform-commons-1.10.3.jar;C:\Users\L.M\.m2\repository\org\apiguardian\apiguardian-api\1.1.2\apiguardian-api-1.1.2.jar;C:\Users\L.M\.m2\repository\org\junit\jupiter\junit-jupiter-params\5.10.3\junit-jupiter-params-5.10.3.jar;C:\Users\L.M\.m2\repository\org\junit\jupiter\junit-jupiter-engine\5.10.3\junit-jupiter-engine-5.10.3.jar;C:\Users\L.M\.m2\repository\org\junit\platform\junit-platform-engine\1.10.3\junit-platform-engine-1.10.3.jar;C:\Users\L.M\.m2\repository\org\mockito\mockito-core\5.11.0\mockito-core-5.11.0.jar;C:\Users\L.M\.m2\repository\net\bytebuddy\byte-buddy-agent\1.14.19\byte-buddy-agent-1.14.19.jar;C:\Users\L.M\.m2\repository\org\objenesis\objenesis\3.3\objenesis-3.3.jar;C:\Users\L.M\.m2\repository\org\mockito\mockito-junit-jupiter\5.11.0\mockito-junit-jupiter-5.11.0.jar;C:\Users\L.M\.m2\repository\org\skyscreamer\jsonassert\1.5.3\jsonassert-1.5.3.jar;C:\Users\L.M\.m2\repository\com\vaadin\external\google\android-json\0.0.20131108.vaadin1\android-json-0.0.20131108.vaadin1.jar;C:\Users\L.M\.m2\repository\org\xmlunit\xmlunit-core\2.9.1\xmlunit-core-2.9.1.jar;C:\Users\L.M\.m2\repository\org\springdoc\springdoc-openapi-ui\1.8.0\springdoc-openapi-ui-1.8.0.jar;C:\Users\L.M\.m2\repository\org\springdoc\springdoc-openapi-webmvc-core\1.8.0\springdoc-openapi-webmvc-core-1.8.0.jar;C:\Users\L.M\.m2\repository\org\springdoc\springdoc-openapi-common\1.8.0\springdoc-openapi-common-1.8.0.jar;C:\Users\L.M\.m2\repository\io\swagger\core\v3\swagger-core\2.2.20\swagger-core-2.2.20.jar;C:\Users\L.M\.m2\repository\io\swagger\core\v3\swagger-annotations\2.2.20\swagger-annotations-2.2.20.jar;C:\Users\L.M\.m2\repository\io\swagger\core\v3\swagger-models\2.2.20\swagger-models-2.2.20.jar;C:\Users\L.M\.m2\repository\org\webjars\swagger-ui\5.11.8\swagger-ui-5.11.8.jar;C:\Users\L.M\.m2\repository\io\rest-assured\rest-assured\5.4.0\rest-assured-5.4.0.jar;C:\Users\L.M\.m2\repository\org\apache\groovy\groovy\4.0.22\groovy-4.0.22.jar;C:\Users\L.M\.m2\repository\org\apache\groovy\groovy-xml\4.0.22\groovy-xml-4.0.22.jar;C:\Users\L.M\.m2\repository\org\apache\httpcomponents\httpclient\4.5.13\httpclient-4.5.13.jar;C:\Users\L.M\.m2\repository\org\apache\httpcomponents\httpcore\4.4.16\httpcore-4.4.16.jar;C:\Users\L.M\.m2\repository\commons-logging\commons-logging\1.2\commons-logging-1.2.jar;C:\Users\L.M\.m2\repository\commons-codec\commons-codec\1.16.1\commons-codec-1.16.1.jar;C:\Users\L.M\.m2\repository\org\apache\httpcomponents\httpmime\4.5.13\httpmime-4.5.13.jar;C:\Users\L.M\.m2\repository\org\ccil\cowan\tagsoup\tagsoup\1.2.1\tagsoup-1.2.1.jar;C:\Users\L.M\.m2\repository\io\rest-assured\json-path\5.4.0\json-path-5.4.0.jar;C:\Users\L.M\.m2\repository\org\apache\groovy\groovy-json\4.0.22\groovy-json-4.0.22.jar;C:\Users\L.M\.m2\repository\io\rest-assured\rest-assured-common\5.4.0\rest-assured-common-5.4.0.jar;C:\Users\L.M\.m2\repository\io\rest-assured\xml-path\5.4.0\xml-path-5.4.0.jar;C:\Users\L.M\.m2\repository\org\apache\commons\commons-lang3\3.14.0\commons-lang3-3.14.0.jar;C:\Users\L.M\.m2\repository\org\wiremock\wiremock-jetty12\3.9.1\wiremock-jetty12-3.9.1.jar;C:\Users\L.M\.m2\repository\org\wiremock\wiremock\3.9.1\wiremock-3.9.1.jar;C:\Users\L.M\.m2\repository\com\google\guava\guava\33.2.1-jre\guava-33.2.1-jre.jar;C:\Users\L.M\.m2\repository\com\google\guava\failureaccess\1.0.2\failureaccess-1.0.2.jar;C:\Users\L.M\.m2\repository\com\google\guava\listenablefuture\9999.0-empty-to-avoid-conflict-with-guava\listenablefuture-9999.0-empty-to-avoid-conflict-with-guava.jar;C:\Users\L.M\.m2\repository\org\checkerframework\checker-qual\3.42.0\checker-qual-3.42.0.jar;C:\Users\L.M\.m2\repository\com\google\errorprone\error_prone_annotations\2.26.1\error_prone_annotations-2.26.1.jar;C:\Users\L.M\.m2\repository\com\google\j2objc\j2objc-annotations\3.0.0\j2objc-annotations-3.0.0.jar;C:\Users\L.M\.m2\repository\org\apache\httpcomponents\client5\httpclient5\5.3.1\httpclient5-5.3.1.jar;C:\Users\L.M\.m2\repository\org\apache\httpcomponents\core5\httpcore5\5.2.5\httpcore5-5.2.5.jar;C:\Users\L.M\.m2\repository\org\apache\httpcomponents\core5\httpcore5-h2\5.2.5\httpcore5-h2-5.2.5.jar;C:\Users\L.M\.m2\repository\org\xmlunit\xmlunit-legacy\2.9.1\xmlunit-legacy-2.9.1.jar;C:\Users\L.M\.m2\repository\org\xmlunit\xmlunit-placeholders\2.9.1\xmlunit-placeholders-2.9.1.jar;C:\Users\L.M\.m2\repository\net\javacrumbs\json-unit\json-unit-core\2.40.0\json-unit-core-2.40.0.jar;C:\Users\L.M\.m2\repository\net\sf\jopt-simple\jopt-simple\5.0.4\jopt-simple-5.0.4.jar;C:\Users\L.M\.m2\repository\com\github\jknack\handlebars\4.3.1\handlebars-4.3.1.jar;C:\Users\L.M\.m2\repository\com\github\jknack\handlebars-helpers\4.3.1\handlebars-helpers-4.3.1.jar;C:\Users\L.M\.m2\repository\commons-fileupload\commons-fileupload\1.5\commons-fileupload-1.5.jar;C:\Users\L.M\.m2\repository\commons-io\commons-io\2.11.0\commons-io-2.11.0.jar;C:\Users\L.M\.m2\repository\com\networknt\json-schema-validator\1.5.0\json-schema-validator-1.5.0.jar;C:\Users\L.M\.m2\repository\com\ethlo\time\itu\1.10.2\itu-1.10.2.jar;C:\Users\L.M\.m2\repository\com\fasterxml\jackson\dataformat\jackson-dataformat-yaml\2.17.2\jackson-dataformat-yaml-2.17.2.jar;C:\Users\L.M\.m2\repository\org\eclipse\jetty\jetty-server\12.0.12\jetty-server-12.0.12.jar;C:\Users\L.M\.m2\repository\org\eclipse\jetty\jetty-http\12.0.12\jetty-http-12.0.12.jar;C:\Users\L.M\.m2\repository\org\eclipse\jetty\jetty-io\12.0.12\jetty-io-12.0.12.jar;C:\Users\L.M\.m2\repository\org\eclipse\jetty\jetty-proxy\12.0.12\jetty-proxy-12.0.12.jar;C:\Users\L.M\.m2\repository\org\eclipse\jetty\jetty-client\12.0.12\jetty-client-12.0.12.jar;C:\Users\L.M\.m2\repository\org\eclipse\jetty\jetty-alpn-server\12.0.12\jetty-alpn-server-12.0.12.jar;C:\Users\L.M\.m2\repository\org\eclipse\jetty\jetty-alpn-java-server\12.0.12\jetty-alpn-java-server-12.0.12.jar;C:\Users\L.M\.m2\repository\org\eclipse\jetty\jetty-alpn-java-client\12.0.12\jetty-alpn-java-client-12.0.12.jar;C:\Users\L.M\.m2\repository\org\eclipse\jetty\jetty-alpn-client\12.0.12\jetty-alpn-client-12.0.12.jar;C:\Users\L.M\.m2\repository\org\eclipse\jetty\ee10\jetty-ee10-servlet\12.0.12\jetty-ee10-servlet-12.0.12.jar;C:\Users\L.M\.m2\repository\jakarta\servlet\jakarta.servlet-api\6.0.0\jakarta.servlet-api-6.0.0.jar;C:\Users\L.M\.m2\repository\org\eclipse\jetty\jetty-security\12.0.12\jetty-security-12.0.12.jar;C:\Users\L.M\.m2\repository\org\eclipse\jetty\jetty-session\12.0.12\jetty-session-12.0.12.jar;C:\Users\L.M\.m2\repository\org\eclipse\jetty\ee10\jetty-ee10-servlets\12.0.12\jetty-ee10-servlets-12.0.12.jar;C:\Users\L.M\.m2\repository\org\eclipse\jetty\jetty-util\12.0.12\jetty-util-12.0.12.jar;C:\Users\L.M\.m2\repository\org\eclipse\jetty\ee10\jetty-ee10-webapp\12.0.12\jetty-ee10-webapp-12.0.12.jar;C:\Users\L.M\.m2\repository\org\eclipse\jetty\jetty-ee\12.0.12\jetty-ee-12.0.12.jar;C:\Users\L.M\.m2\repository\org\eclipse\jetty\jetty-xml\12.0.12\jetty-xml-12.0.12.jar;C:\Users\L.M\.m2\repository\org\eclipse\jetty\http2\jetty-http2-server\12.0.12\jetty-http2-server-12.0.12.jar;C:\Users\L.M\.m2\repository\org\eclipse\jetty\http2\jetty-http2-common\12.0.12\jetty-http2-common-12.0.12.jar;C:\Users\L.M\.m2\repository\org\eclipse\jetty\http2\jetty-http2-hpack\12.0.12\jetty-http2-hpack-12.0.12.jar;C:\Users\L.M\.m2\repository\junit\junit\4.13.2\junit-4.13.2.jar;C:\Users\L.M\.m2\repository\org\hamcrest\hamcrest-core\2.2\hamcrest-core-2.2.jar;C:\Users\L.M\.m2\repository\com\fasterxml\jackson\core\jackson-databind\2.16.0\jackson-databind-2.16.0.jar;C:\Users\L.M\.m2\repository\com\fasterxml\jackson\core\jackson-core\2.16.0\jackson-core-2.16.0.jar;C:\Users\L.M\.m2\repository\com\fasterxml\jackson\core\jackson-annotations\2.16.0\jackson-annotations-2.16.0.jar;C:\Users\L.M\.m2\repository\com\fasterxml\jackson\datatype\jackson-datatype-jsr310\2.16.0\jackson-datatype-jsr310-2.16.0.jar;C:\Users\L.M\.m2\repository\org\hamcrest\hamcrest\2.2\hamcrest-2.2.jar;"/>
    <property name="java.vm.vendor" value="Oracle Corporation"/>
    <property name="sun.arch.data.model" value="64"/>
    <property name="user.variant" value=""/>
    <property name="java.vendor.url" value="https://java.oracle.com/"/>
    <property name="catalina.useNaming" value="false"/>
    <property name="user.timezone" value="Europe/Warsaw"/>
    <property name="org.jboss.logging.provider" value="slf4j"/>
    <property name="os.name" value="Windows 10"/>
    <property name="java.vm.specification.version" value="22"/>
    <property name="user.country" value="PL"/>
    <property name="sun.java.launcher" value="SUN_STANDARD"/>
    <property name="sun.boot.library.path" value="C:\Users\L.M\.jdks\openjdk-22.0.1\bin"/>
    <property name="sun.java.command" value="C:\Users\L.M\AppData\Local\Temp\surefire12252920622255486573\surefirebooter-20241020233101246_3.jar C:\Users\L.M\AppData\Local\Temp\surefire12252920622255486573 2024-10-20T23-31-01_011-jvmRun1 surefire-20241020233101246_1tmp surefire_0-20241020233101246_2tmp"/>
    <property name="jdk.debug" value="release"/>
    <property name="surefire.test.class.path" value="D:\java nauka\projektZajavka2\target\test-classes;D:\java nauka\projektZajavka2\target\classes;C:\Users\L.M\.m2\repository\org\springframework\boot\spring-boot-starter-data-jpa\3.3.3\spring-boot-starter-data-jpa-3.3.3.jar;C:\Users\L.M\.m2\repository\org\springframework\boot\spring-boot-starter-aop\3.3.3\spring-boot-starter-aop-3.3.3.jar;C:\Users\L.M\.m2\repository\org\aspectj\aspectjweaver\1.9.22.1\aspectjweaver-1.9.22.1.jar;C:\Users\L.M\.m2\repository\org\springframework\boot\spring-boot-starter-jdbc\3.3.3\spring-boot-starter-jdbc-3.3.3.jar;C:\Users\L.M\.m2\repository\com\zaxxer\HikariCP\5.1.0\HikariCP-5.1.0.jar;C:\Users\L.M\.m2\repository\org\springframework\spring-jdbc\6.1.12\spring-jdbc-6.1.12.jar;C:\Users\L.M\.m2\repository\org\hibernate\orm\hibernate-core\6.5.2.Final\hibernate-core-6.5.2.Final.jar;C:\Users\L.M\.m2\repository\jakarta\persistence\jakarta.persistence-api\3.1.0\jakarta.persistence-api-3.1.0.jar;C:\Users\L.M\.m2\repository\jakarta\transaction\jakarta.transaction-api\2.0.1\jakarta.transaction-api-2.0.1.jar;C:\Users\L.M\.m2\repository\org\jboss\logging\jboss-logging\3.5.3.Final\jboss-logging-3.5.3.Final.jar;C:\Users\L.M\.m2\repository\org\hibernate\common\hibernate-commons-annotations\6.0.6.Final\hibernate-commons-annotations-6.0.6.Final.jar;C:\Users\L.M\.m2\repository\io\smallrye\jandex\3.1.2\jandex-3.1.2.jar;C:\Users\L.M\.m2\repository\com\fasterxml\classmate\1.7.0\classmate-1.7.0.jar;C:\Users\L.M\.m2\repository\net\bytebuddy\byte-buddy\1.14.19\byte-buddy-1.14.19.jar;C:\Users\L.M\.m2\repository\org\glassfish\jaxb\jaxb-runtime\4.0.5\jaxb-runtime-4.0.5.jar;C:\Users\L.M\.m2\repository\org\glassfish\jaxb\jaxb-core\4.0.5\jaxb-core-4.0.5.jar;C:\Users\L.M\.m2\repository\org\eclipse\angus\angus-activation\2.0.2\angus-activation-2.0.2.jar;C:\Users\L.M\.m2\repository\org\glassfish\jaxb\txw2\4.0.5\txw2-4.0.5.jar;C:\Users\L.M\.m2\repository\com\sun\istack\istack-commons-runtime\4.1.2\istack-commons-runtime-4.1.2.jar;C:\Users\L.M\.m2\repository\jakarta\inject\jakarta.inject-api\2.0.1\jakarta.inject-api-2.0.1.jar;C:\Users\L.M\.m2\repository\org\antlr\antlr4-runtime\4.13.0\antlr4-runtime-4.13.0.jar;C:\Users\L.M\.m2\repository\org\springframework\data\spring-data-jpa\3.3.3\spring-data-jpa-3.3.3.jar;C:\Users\L.M\.m2\repository\org\springframework\data\spring-data-commons\3.3.3\spring-data-commons-3.3.3.jar;C:\Users\L.M\.m2\repository\org\springframework\spring-orm\6.1.12\spring-orm-6.1.12.jar;C:\Users\L.M\.m2\repository\org\springframework\spring-context\6.1.12\spring-context-6.1.12.jar;C:\Users\L.M\.m2\repository\org\springframework\spring-tx\6.1.12\spring-tx-6.1.12.jar;C:\Users\L.M\.m2\repository\org\springframework\spring-beans\6.1.12\spring-beans-6.1.12.jar;C:\Users\L.M\.m2\repository\jakarta\annotation\jakarta.annotation-api\2.1.1\jakarta.annotation-api-2.1.1.jar;C:\Users\L.M\.m2\repository\org\slf4j\slf4j-api\2.0.16\slf4j-api-2.0.16.jar;C:\Users\L.M\.m2\repository\org\springframework\spring-aspects\6.1.12\spring-aspects-6.1.12.jar;C:\Users\L.M\.m2\repository\org\springframework\boot\spring-boot-starter-web\3.3.3\spring-boot-starter-web-3.3.3.jar;C:\Users\L.M\.m2\repository\org\springframework\boot\spring-boot-starter\3.3.3\spring-boot-starter-3.3.3.jar;C:\Users\L.M\.m2\repository\org\springframework\boot\spring-boot\3.3.3\spring-boot-3.3.3.jar;C:\Users\L.M\.m2\repository\org\springframework\boot\spring-boot-autoconfigure\3.3.3\spring-boot-autoconfigure-3.3.3.jar;C:\Users\L.M\.m2\repository\org\springframework\boot\spring-boot-starter-logging\3.3.3\spring-boot-starter-logging-3.3.3.jar;C:\Users\L.M\.m2\repository\ch\qos\logback\logback-classic\1.5.7\logback-classic-1.5.7.jar;C:\Users\L.M\.m2\repository\ch\qos\logback\logback-core\1.5.7\logback-core-1.5.7.jar;C:\Users\L.M\.m2\repository\org\apache\logging\log4j\log4j-to-slf4j\2.23.1\log4j-to-slf4j-2.23.1.jar;C:\Users\L.M\.m2\repository\org\apache\logging\log4j\log4j-api\2.23.1\log4j-api-2.23.1.jar;C:\Users\L.M\.m2\repository\org\slf4j\jul-to-slf4j\2.0.16\jul-to-slf4j-2.0.16.jar;C:\Users\L.M\.m2\repository\org\yaml\snakeyaml\2.2\snakeyaml-2.2.jar;C:\Users\L.M\.m2\repository\org\springframework\boot\spring-boot-starter-json\3.3.3\spring-boot-starter-json-3.3.3.jar;C:\Users\L.M\.m2\repository\com\fasterxml\jackson\datatype\jackson-datatype-jdk8\2.17.2\jackson-datatype-jdk8-2.17.2.jar;C:\Users\L.M\.m2\repository\com\fasterxml\jackson\module\jackson-module-parameter-names\2.17.2\jackson-module-parameter-names-2.17.2.jar;C:\Users\L.M\.m2\repository\org\springframework\boot\spring-boot-starter-tomcat\3.3.3\spring-boot-starter-tomcat-3.3.3.jar;C:\Users\L.M\.m2\repository\org\apache\tomcat\embed\tomcat-embed-core\10.1.28\tomcat-embed-core-10.1.28.jar;C:\Users\L.M\.m2\repository\org\apache\tomcat\embed\tomcat-embed-el\10.1.28\tomcat-embed-el-10.1.28.jar;C:\Users\L.M\.m2\repository\org\apache\tomcat\embed\tomcat-embed-websocket\10.1.28\tomcat-embed-websocket-10.1.28.jar;C:\Users\L.M\.m2\repository\org\springframework\spring-web\6.1.12\spring-web-6.1.12.jar;C:\Users\L.M\.m2\repository\io\micrometer\micrometer-observation\1.13.3\micrometer-observation-1.13.3.jar;C:\Users\L.M\.m2\repository\io\micrometer\micrometer-commons\1.13.3\micrometer-commons-1.13.3.jar;C:\Users\L.M\.m2\repository\org\springframework\spring-webmvc\6.1.12\spring-webmvc-6.1.12.jar;C:\Users\L.M\.m2\repository\org\springframework\spring-expression\6.1.12\spring-expression-6.1.12.jar;C:\Users\L.M\.m2\repository\org\springframework\boot\spring-boot-starter-security\3.3.3\spring-boot-starter-security-3.3.3.jar;C:\Users\L.M\.m2\repository\org\springframework\spring-aop\6.1.12\spring-aop-6.1.12.jar;C:\Users\L.M\.m2\repository\org\springframework\security\spring-security-config\6.3.3\spring-security-config-6.3.3.jar;C:\Users\L.M\.m2\repository\org\springframework\security\spring-security-web\6.3.3\spring-security-web-6.3.3.jar;C:\Users\L.M\.m2\repository\org\springframework\boot\spring-boot-starter-thymeleaf\3.3.3\spring-boot-starter-thymeleaf-3.3.3.jar;C:\Users\L.M\.m2\repository\org\thymeleaf\thymeleaf-spring6\3.1.2.RELEASE\thymeleaf-spring6-3.1.2.RELEASE.jar;C:\Users\L.M\.m2\repository\org\thymeleaf\thymeleaf\3.1.2.RELEASE\thymeleaf-3.1.2.RELEASE.jar;C:\Users\L.M\.m2\repository\org\attoparser\attoparser\2.0.7.RELEASE\attoparser-2.0.7.RELEASE.jar;C:\Users\L.M\.m2\repository\org\unbescape\unbescape\1.1.6.RELEASE\unbescape-1.1.6.RELEASE.jar;C:\Users\L.M\.m2\repository\jakarta\validation\jakarta.validation-api\3.1.0\jakarta.validation-api-3.1.0.jar;C:\Users\L.M\.m2\repository\com\h2database\h2\2.2.224\h2-2.2.224.jar;C:\Users\L.M\.m2\repository\org\projectlombok\lombok\1.18.34\lombok-1.18.34.jar;C:\Users\L.M\.m2\repository\org\springframework\security\spring-security-test\6.3.3\spring-security-test-6.3.3.jar;C:\Users\L.M\.m2\repository\org\springframework\security\spring-security-core\6.3.3\spring-security-core-6.3.3.jar;C:\Users\L.M\.m2\repository\org\springframework\security\spring-security-crypto\6.3.3\spring-security-crypto-6.3.3.jar;C:\Users\L.M\.m2\repository\org\springframework\spring-core\6.1.12\spring-core-6.1.12.jar;C:\Users\L.M\.m2\repository\org\springframework\spring-jcl\6.1.12\spring-jcl-6.1.12.jar;C:\Users\L.M\.m2\repository\org\springframework\spring-test\6.1.12\spring-test-6.1.12.jar;C:\Users\L.M\.m2\repository\org\springframework\boot\spring-boot-starter-test\3.3.3\spring-boot-starter-test-3.3.3.jar;C:\Users\L.M\.m2\repository\org\springframework\boot\spring-boot-test\3.3.3\spring-boot-test-3.3.3.jar;C:\Users\L.M\.m2\repository\org\springframework\boot\spring-boot-test-autoconfigure\3.3.3\spring-boot-test-autoconfigure-3.3.3.jar;C:\Users\L.M\.m2\repository\com\jayway\jsonpath\json-path\2.9.0\json-path-2.9.0.jar;C:\Users\L.M\.m2\repository\jakarta\xml\bind\jakarta.xml.bind-api\4.0.2\jakarta.xml.bind-api-4.0.2.jar;C:\Users\L.M\.m2\repository\jakarta\activation\jakarta.activation-api\2.1.3\jakarta.activation-api-2.1.3.jar;C:\Users\L.M\.m2\repository\net\minidev\json-smart\2.5.1\json-smart-2.5.1.jar;C:\Users\L.M\.m2\repository\net\minidev\accessors-smart\2.5.1\accessors-smart-2.5.1.jar;C:\Users\L.M\.m2\repository\org\ow2\asm\asm\9.6\asm-9.6.jar;C:\Users\L.M\.m2\repository\org\assertj\assertj-core\3.25.3\assertj-core-3.25.3.jar;C:\Users\L.M\.m2\repository\org\awaitility\awaitility\4.2.2\awaitility-4.2.2.jar;C:\Users\L.M\.m2\repository\org\junit\jupiter\junit-jupiter\5.10.3\junit-jupiter-5.10.3.jar;C:\Users\L.M\.m2\repository\org\junit\jupiter\junit-jupiter-api\5.10.3\junit-jupiter-api-5.10.3.jar;C:\Users\L.M\.m2\repository\org\opentest4j\opentest4j\1.3.0\opentest4j-1.3.0.jar;C:\Users\L.M\.m2\repository\org\junit\platform\junit-platform-commons\1.10.3\junit-platform-commons-1.10.3.jar;C:\Users\L.M\.m2\repository\org\apiguardian\apiguardian-api\1.1.2\apiguardian-api-1.1.2.jar;C:\Users\L.M\.m2\repository\org\junit\jupiter\junit-jupiter-params\5.10.3\junit-jupiter-params-5.10.3.jar;C:\Users\L.M\.m2\repository\org\junit\jupiter\junit-jupiter-engine\5.10.3\junit-jupiter-engine-5.10.3.jar;C:\Users\L.M\.m2\repository\org\junit\platform\junit-platform-engine\1.10.3\junit-platform-engine-1.10.3.jar;C:\Users\L.M\.m2\repository\org\mockito\mockito-core\5.11.0\mockito-core-5.11.0.jar;C:\Users\L.M\.m2\repository\net\bytebuddy\byte-buddy-agent\1.14.19\byte-buddy-agent-1.14.19.jar;C:\Users\L.M\.m2\repository\org\objenesis\objenesis\3.3\objenesis-3.3.jar;C:\Users\L.M\.m2\repository\org\mockito\mockito-junit-jupiter\5.11.0\mockito-junit-jupiter-5.11.0.jar;C:\Users\L.M\.m2\repository\org\skyscreamer\jsonassert\1.5.3\jsonassert-1.5.3.jar;C:\Users\L.M\.m2\repository\com\vaadin\external\google\android-json\0.0.20131108.vaadin1\android-json-0.0.20131108.vaadin1.jar;C:\Users\L.M\.m2\repository\org\xmlunit\xmlunit-core\2.9.1\xmlunit-core-2.9.1.jar;C:\Users\L.M\.m2\repository\org\springdoc\springdoc-openapi-ui\1.8.0\springdoc-openapi-ui-1.8.0.jar;C:\Users\L.M\.m2\repository\org\springdoc\springdoc-openapi-webmvc-core\1.8.0\springdoc-openapi-webmvc-core-1.8.0.jar;C:\Users\L.M\.m2\repository\org\springdoc\springdoc-openapi-common\1.8.0\springdoc-openapi-common-1.8.0.jar;C:\Users\L.M\.m2\repository\io\swagger\core\v3\swagger-core\2.2.20\swagger-core-2.2.20.jar;C:\Users\L.M\.m2\repository\io\swagger\core\v3\swagger-annotations\2.2.20\swagger-annotations-2.2.20.jar;C:\Users\L.M\.m2\repository\io\swagger\core\v3\swagger-models\2.2.20\swagger-models-2.2.20.jar;C:\Users\L.M\.m2\repository\org\webjars\swagger-ui\5.11.8\swagger-ui-5.11.8.jar;C:\Users\L.M\.m2\repository\io\rest-assured\rest-assured\5.4.0\rest-assured-5.4.0.jar;C:\Users\L.M\.m2\repository\org\apache\groovy\groovy\4.0.22\groovy-4.0.22.jar;C:\Users\L.M\.m2\repository\org\apache\groovy\groovy-xml\4.0.22\groovy-xml-4.0.22.jar;C:\Users\L.M\.m2\repository\org\apache\httpcomponents\httpclient\4.5.13\httpclient-4.5.13.jar;C:\Users\L.M\.m2\repository\org\apache\httpcomponents\httpcore\4.4.16\httpcore-4.4.16.jar;C:\Users\L.M\.m2\repository\commons-logging\commons-logging\1.2\commons-logging-1.2.jar;C:\Users\L.M\.m2\repository\commons-codec\commons-codec\1.16.1\commons-codec-1.16.1.jar;C:\Users\L.M\.m2\repository\org\apache\httpcomponents\httpmime\4.5.13\httpmime-4.5.13.jar;C:\Users\L.M\.m2\repository\org\ccil\cowan\tagsoup\tagsoup\1.2.1\tagsoup-1.2.1.jar;C:\Users\L.M\.m2\repository\io\rest-assured\json-path\5.4.0\json-path-5.4.0.jar;C:\Users\L.M\.m2\repository\org\apache\groovy\groovy-json\4.0.22\groovy-json-4.0.22.jar;C:\Users\L.M\.m2\repository\io\rest-assured\rest-assured-common\5.4.0\rest-assured-common-5.4.0.jar;C:\Users\L.M\.m2\repository\io\rest-assured\xml-path\5.4.0\xml-path-5.4.0.jar;C:\Users\L.M\.m2\repository\org\apache\commons\commons-lang3\3.14.0\commons-lang3-3.14.0.jar;C:\Users\L.M\.m2\repository\org\wiremock\wiremock-jetty12\3.9.1\wiremock-jetty12-3.9.1.jar;C:\Users\L.M\.m2\repository\org\wiremock\wiremock\3.9.1\wiremock-3.9.1.jar;C:\Users\L.M\.m2\repository\com\google\guava\guava\33.2.1-jre\guava-33.2.1-jre.jar;C:\Users\L.M\.m2\repository\com\google\guava\failureaccess\1.0.2\failureaccess-1.0.2.jar;C:\Users\L.M\.m2\repository\com\google\guava\listenablefuture\9999.0-empty-to-avoid-conflict-with-guava\listenablefuture-9999.0-empty-to-avoid-conflict-with-guava.jar;C:\Users\L.M\.m2\repository\org\checkerframework\checker-qual\3.42.0\checker-qual-3.42.0.jar;C:\Users\L.M\.m2\repository\com\google\errorprone\error_prone_annotations\2.26.1\error_prone_annotations-2.26.1.jar;C:\Users\L.M\.m2\repository\com\google\j2objc\j2objc-annotations\3.0.0\j2objc-annotations-3.0.0.jar;C:\Users\L.M\.m2\repository\org\apache\httpcomponents\client5\httpclient5\5.3.1\httpclient5-5.3.1.jar;C:\Users\L.M\.m2\repository\org\apache\httpcomponents\core5\httpcore5\5.2.5\httpcore5-5.2.5.jar;C:\Users\L.M\.m2\repository\org\apache\httpcomponents\core5\httpcore5-h2\5.2.5\httpcore5-h2-5.2.5.jar;C:\Users\L.M\.m2\repository\org\xmlunit\xmlunit-legacy\2.9.1\xmlunit-legacy-2.9.1.jar;C:\Users\L.M\.m2\repository\org\xmlunit\xmlunit-placeholders\2.9.1\xmlunit-placeholders-2.9.1.jar;C:\Users\L.M\.m2\repository\net\javacrumbs\json-unit\json-unit-core\2.40.0\json-unit-core-2.40.0.jar;C:\Users\L.M\.m2\repository\net\sf\jopt-simple\jopt-simple\5.0.4\jopt-simple-5.0.4.jar;C:\Users\L.M\.m2\repository\com\github\jknack\handlebars\4.3.1\handlebars-4.3.1.jar;C:\Users\L.M\.m2\repository\com\github\jknack\handlebars-helpers\4.3.1\handlebars-helpers-4.3.1.jar;C:\Users\L.M\.m2\repository\commons-fileupload\commons-fileupload\1.5\commons-fileupload-1.5.jar;C:\Users\L.M\.m2\repository\commons-io\commons-io\2.11.0\commons-io-2.11.0.jar;C:\Users\L.M\.m2\repository\com\networknt\json-schema-validator\1.5.0\json-schema-validator-1.5.0.jar;C:\Users\L.M\.m2\repository\com\ethlo\time\itu\1.10.2\itu-1.10.2.jar;C:\Users\L.M\.m2\repository\com\fasterxml\jackson\dataformat\jackson-dataformat-yaml\2.17.2\jackson-dataformat-yaml-2.17.2.jar;C:\Users\L.M\.m2\repository\org\eclipse\jetty\jetty-server\12.0.12\jetty-server-12.0.12.jar;C:\Users\L.M\.m2\repository\org\eclipse\jetty\jetty-http\12.0.12\jetty-http-12.0.12.jar;C:\Users\L.M\.m2\repository\org\eclipse\jetty\jetty-io\12.0.12\jetty-io-12.0.12.jar;C:\Users\L.M\.m2\repository\org\eclipse\jetty\jetty-proxy\12.0.12\jetty-proxy-12.0.12.jar;C:\Users\L.M\.m2\repository\org\eclipse\jetty\jetty-client\12.0.12\jetty-client-12.0.12.jar;C:\Users\L.M\.m2\repository\org\eclipse\jetty\jetty-alpn-server\12.0.12\jetty-alpn-server-12.0.12.jar;C:\Users\L.M\.m2\repository\org\eclipse\jetty\jetty-alpn-java-server\12.0.12\jetty-alpn-java-server-12.0.12.jar;C:\Users\L.M\.m2\repository\org\eclipse\jetty\jetty-alpn-java-client\12.0.12\jetty-alpn-java-client-12.0.12.jar;C:\Users\L.M\.m2\repository\org\eclipse\jetty\jetty-alpn-client\12.0.12\jetty-alpn-client-12.0.12.jar;C:\Users\L.M\.m2\repository\org\eclipse\jetty\ee10\jetty-ee10-servlet\12.0.12\jetty-ee10-servlet-12.0.12.jar;C:\Users\L.M\.m2\repository\jakarta\servlet\jakarta.servlet-api\6.0.0\jakarta.servlet-api-6.0.0.jar;C:\Users\L.M\.m2\repository\org\eclipse\jetty\jetty-security\12.0.12\jetty-security-12.0.12.jar;C:\Users\L.M\.m2\repository\org\eclipse\jetty\jetty-session\12.0.12\jetty-session-12.0.12.jar;C:\Users\L.M\.m2\repository\org\eclipse\jetty\ee10\jetty-ee10-servlets\12.0.12\jetty-ee10-servlets-12.0.12.jar;C:\Users\L.M\.m2\repository\org\eclipse\jetty\jetty-util\12.0.12\jetty-util-12.0.12.jar;C:\Users\L.M\.m2\repository\org\eclipse\jetty\ee10\jetty-ee10-webapp\12.0.12\jetty-ee10-webapp-12.0.12.jar;C:\Users\L.M\.m2\repository\org\eclipse\jetty\jetty-ee\12.0.12\jetty-ee-12.0.12.jar;C:\Users\L.M\.m2\repository\org\eclipse\jetty\jetty-xml\12.0.12\jetty-xml-12.0.12.jar;C:\Users\L.M\.m2\repository\org\eclipse\jetty\http2\jetty-http2-server\12.0.12\jetty-http2-server-12.0.12.jar;C:\Users\L.M\.m2\repository\org\eclipse\jetty\http2\jetty-http2-common\12.0.12\jetty-http2-common-12.0.12.jar;C:\Users\L.M\.m2\repository\org\eclipse\jetty\http2\jetty-http2-hpack\12.0.12\jetty-http2-hpack-12.0.12.jar;C:\Users\L.M\.m2\repository\junit\junit\4.13.2\junit-4.13.2.jar;C:\Users\L.M\.m2\repository\org\hamcrest\hamcrest-core\2.2\hamcrest-core-2.2.jar;C:\Users\L.M\.m2\repository\com\fasterxml\jackson\core\jackson-databind\2.16.0\jackson-databind-2.16.0.jar;C:\Users\L.M\.m2\repository\com\fasterxml\jackson\core\jackson-core\2.16.0\jackson-core-2.16.0.jar;C:\Users\L.M\.m2\repository\com\fasterxml\jackson\core\jackson-annotations\2.16.0\jackson-annotations-2.16.0.jar;C:\Users\L.M\.m2\repository\com\fasterxml\jackson\datatype\jackson-datatype-jsr310\2.16.0\jackson-datatype-jsr310-2.16.0.jar;C:\Users\L.M\.m2\repository\org\hamcrest\hamcrest\2.2\hamcrest-2.2.jar;"/>
    <property name="sun.cpu.endian" value="little"/>
    <property name="user.home" value="C:\Users\L.M"/>
    <property name="user.language" value="pl"/>
    <property name="java.specification.vendor" value="Oracle Corporation"/>
    <property name="java.version.date" value="2024-04-16"/>
    <property name="java.home" value="C:\Users\L.M\.jdks\openjdk-22.0.1"/>
    <property name="file.separator" value="\"/>
    <property name="basedir" value="D:\java nauka\projektZajavka2"/>
    <property name="java.vm.compressedOopsMode" value="Zero based"/>
    <property name="line.separator" value="&#10;"/>
    <property name="java.vm.specification.vendor" value="Oracle Corporation"/>
    <property name="java.specification.name" value="Java Platform API Specification"/>
    <property name="FILE_LOG_CHARSET" value="UTF-8"/>
    <property name="java.awt.headless" value="true"/>
    <property name="surefire.real.class.path" value="C:\Users\L.M\AppData\Local\Temp\surefire12252920622255486573\surefirebooter-20241020233101246_3.jar"/>
    <property name="user.script" value=""/>
    <property name="sun.management.compiler" value="HotSpot 64-Bit Tiered Compilers"/>
    <property name="java.runtime.version" value="22.0.1+8-16"/>
    <property name="user.name" value="L.M"/>
    <property name="stdout.encoding" value="Cp1250"/>
    <property name="path.separator" value=";"/>
    <property name="os.version" value="10.0"/>
    <property name="java.runtime.name" value="OpenJDK Runtime Environment"/>
    <property name="file.encoding" value="UTF-8"/>
    <property name="java.vm.name" value="OpenJDK 64-Bit Server VM"/>
    <property name="LOG_FILE" value="logs/myapp.log"/>
    <property name="localRepository" value="C:\Users\L.M\.m2\repository"/>
    <property name="java.vendor.url.bug" value="https://bugreport.java.com/bugreport/"/>
    <property name="java.io.tmpdir" value="C:\Users\L.M\AppData\Local\Temp\"/>
    <property name="idea.version" value="2022.2.3"/>
    <property name="catalina.home" value="C:\Users\L.M\AppData\Local\Temp\tomcat.0.3520003181026442557"/>
    <property name="com.zaxxer.hikari.pool_number" value="1"/>
    <property name="java.version" value="22.0.1"/>
    <property name="user.dir" value="D:\java nauka\projektZajavka2"/>
    <property name="os.arch" value="amd64"/>
    <property name="java.vm.specification.name" value="Java Virtual Machine Specification"/>
    <property name="PID" value="6496"/>
    <property name="sun.os.patch.level" value=""/>
    <property name="CONSOLE_LOG_CHARSET" value="UTF-8"/>
    <property name="catalina.base" value="C:\Users\L.M\AppData\Local\Temp\tomcat.0.3520003181026442557"/>
    <property name="native.encoding" value="Cp1250"/>
    <property name="java.library.path" value="C:\Users\L.M\.jdks\openjdk-22.0.1\bin;C:\Windows\Sun\Java\bin;C:\Windows\system32;C:\Windows;C:\Program Files\Common Files\Oracle\Java\javapath;C:\Program Files\Microsoft\jdk-11.0.12.7-hotspot\bin;C:\Windows\system32;C:\Windows;C:\Windows\System32\Wbem;C:\Windows\System32\WindowsPowerShell\v1.0\;C:\Windows\System32\OpenSSH\;C:\Program Files\Microsoft SQL Server\Client SDK\ODBC\170\Tools\Binn\;C:\Program Files\Azure Data Studio\bin;C:\Program Files\dotnet\;C:\Program Files (x86)\Microsoft SQL Server\150\DTS\Binn\;C:\Program Files\Microsoft SQL Server\150\DTS\Binn\;C:\Program Files (x86)\Microsoft SQL Server\150\Tools\Binn\;C:\Program Files\Microsoft SQL Server\150\Tools\Binn\;C:\Program Files\Git\cmd;C:\Program Files\Docker\Docker\resources\bin;C:\Program Files\Git LFS;C:\Users\L.M\AppData\Local\Microsoft\WindowsApps;C:\Program Files\Azure Data Studio\bin;C:\Users\L.M\.dotnet\tools;C:\Program Files\JetBrains\IntelliJ IDEA Community Edition 2022.2.3\bin;;C:\Users\L.M\Downloads\apache-maven-3.9.6\bin;C:\Program Files\Java\jdk-19\bin;;."/>
    <property name="java.vm.info" value="mixed mode, sharing"/>
    <property name="stderr.encoding" value="Cp1250"/>
    <property name="java.vendor" value="Oracle Corporation"/>
    <property name="java.vm.version" value="22.0.1+8-16"/>
    <property name="sun.io.unicode.encoding" value="UnicodeLittle"/>
    <property name="java.class.version" value="66.0"/>
  </properties>
  <testcase name="testGetAllCategories" classname="projektZajavka2.controller.rest.CategoryRestControllerTest" time="0.416">
    <system-out><![CDATA[2024-10-20T23:31:11.086+02:00  INFO 6496 --- [           main] t.c.s.AnnotationConfigContextLoaderUtils : Could not detect default configuration classes for test class [projektZajavka2.controller.rest.CategoryRestControllerTest]: CategoryRestControllerTest does not declare any static, non-private, non-final, nested classes annotated with @Configuration.
2024-10-20T23:31:11.110+02:00  INFO 6496 --- [           main] .b.t.c.SpringBootTestContextBootstrapper : Found @SpringBootConfiguration projektZajavka2.ProjektZajavka2Application for test class projektZajavka2.controller.rest.CategoryRestControllerTest

  .   ____          _            __ _ _
 /\\ / ___'_ __ _ _(_)_ __  __ _ \ \ \ \
( ( )\___ | '_ | '_| | '_ \/ _` | \ \ \ \
 \\/  ___)| |_)| | | | | || (_| |  ) ) ) )
  '  |____| .__|_| |_|_| |_\__, | / / / /
 =========|_|==============|___/=/_/_/_/

 :: Spring Boot ::                (v3.3.3)

2024-10-20T23:31:11.162+02:00  INFO 6496 --- [           main] p.c.rest.CategoryRestControllerTest      : Starting CategoryRestControllerTest using Java 22.0.1 with PID 6496 (started by L.M in D:\java nauka\projektZajavka2)
2024-10-20T23:31:11.162+02:00  INFO 6496 --- [           main] p.c.rest.CategoryRestControllerTest      : The following 1 profile is active: "test"
2024-10-20T23:31:11.520+02:00  INFO 6496 --- [           main] .s.d.r.c.RepositoryConfigurationDelegate : Bootstrapping Spring Data JPA repositories in DEFAULT mode.
2024-10-20T23:31:11.602+02:00  INFO 6496 --- [           main] .s.d.r.c.RepositoryConfigurationDelegate : Finished Spring Data repository scanning in 73 ms. Found 9 JPA repository interfaces.
2024-10-20T23:31:12.061+02:00  INFO 6496 --- [           main] o.s.b.w.embedded.tomcat.TomcatWebServer  : Tomcat initialized with port 0 (http)
2024-10-20T23:31:12.081+02:00  INFO 6496 --- [           main] o.apache.catalina.core.StandardService   : Starting service [Tomcat]
2024-10-20T23:31:12.082+02:00  INFO 6496 --- [           main] o.apache.catalina.core.StandardEngine    : Starting Servlet engine: [Apache Tomcat/10.1.28]
2024-10-20T23:31:12.182+02:00  INFO 6496 --- [           main] o.a.c.c.C.[Tomcat].[localhost].[/]       : Initializing Spring embedded WebApplicationContext
2024-10-20T23:31:12.183+02:00  INFO 6496 --- [           main] w.s.c.ServletWebServerApplicationContext : Root WebApplicationContext: initialization completed in 1019 ms
2024-10-20T23:31:12.211+02:00  INFO 6496 --- [           main] com.zaxxer.hikari.HikariDataSource       : HikariPool-1 - Starting...
2024-10-20T23:31:12.533+02:00  INFO 6496 --- [           main] com.zaxxer.hikari.pool.HikariPool        : HikariPool-1 - Added connection conn0: url=jdbc:h2:mem:test user=SA
2024-10-20T23:31:12.536+02:00  INFO 6496 --- [           main] com.zaxxer.hikari.HikariDataSource       : HikariPool-1 - Start completed.
2024-10-20T23:31:12.551+02:00  INFO 6496 --- [           main] o.s.b.a.h2.H2ConsoleAutoConfiguration    : H2 console available at '/h2-console'. Database available at 'jdbc:h2:mem:test'
2024-10-20T23:31:12.724+02:00  INFO 6496 --- [           main] o.hibernate.jpa.internal.util.LogHelper  : HHH000204: Processing PersistenceUnitInfo [name: default]
2024-10-20T23:31:12.796+02:00  INFO 6496 --- [           main] org.hibernate.Version                    : HHH000412: Hibernate ORM core version 6.5.2.Final
2024-10-20T23:31:12.842+02:00  INFO 6496 --- [           main] o.h.c.internal.RegionFactoryInitiator    : HHH000026: Second-level cache disabled
2024-10-20T23:31:13.010+02:00  INFO 6496 --- [           main] o.s.o.j.p.SpringPersistenceUnitInfo      : No LoadTimeWeaver setup: ignoring JPA class transformer
2024-10-20T23:31:13.068+02:00  WARN 6496 --- [           main] org.hibernate.orm.deprecation            : HHH90000025: H2Dialect does not need to be specified explicitly using 'hibernate.dialect' (remove the property setting and it will be selected by default)
2024-10-20T23:31:14.158+02:00  INFO 6496 --- [           main] o.h.e.t.j.p.i.JtaPlatformInitiator       : HHH000489: No JTA platform available (set 'hibernate.transaction.jta.platform' to enable JTA platform integration)
2024-10-20T23:31:14.174+02:00 DEBUG 6496 --- [           main] org.hibernate.SQL                        : 
    drop table if exists categories cascade 
Hibernate: 
    drop table if exists categories cascade 
2024-10-20T23:31:14.178+02:00 DEBUG 6496 --- [           main] org.hibernate.SQL                        : 
    drop table if exists delivery_areas cascade 
Hibernate: 
    drop table if exists delivery_areas cascade 
2024-10-20T23:31:14.179+02:00 DEBUG 6496 --- [           main] org.hibernate.SQL                        : 
    drop table if exists menu_item_categories cascade 
Hibernate: 
    drop table if exists menu_item_categories cascade 
2024-10-20T23:31:14.179+02:00 DEBUG 6496 --- [           main] org.hibernate.SQL                        : 
    drop table if exists menu_items cascade 
Hibernate: 
    drop table if exists menu_items cascade 
2024-10-20T23:31:14.179+02:00 DEBUG 6496 --- [           main] org.hibernate.SQL                        : 
    drop table if exists order_items cascade 
Hibernate: 
    drop table if exists order_items cascade 
2024-10-20T23:31:14.179+02:00 DEBUG 6496 --- [           main] org.hibernate.SQL                        : 
    drop table if exists orders cascade 
Hibernate: 
    drop table if exists orders cascade 
2024-10-20T23:31:14.179+02:00 DEBUG 6496 --- [           main] org.hibernate.SQL                        : 
    drop table if exists restaurant_owners cascade 
Hibernate: 
    drop table if exists restaurant_owners cascade 
2024-10-20T23:31:14.180+02:00 DEBUG 6496 --- [           main] org.hibernate.SQL                        : 
    drop table if exists restaurants cascade 
Hibernate: 
    drop table if exists restaurants cascade 
2024-10-20T23:31:14.180+02:00 DEBUG 6496 --- [           main] org.hibernate.SQL                        : 
    drop table if exists roles cascade 
Hibernate: 
    drop table if exists roles cascade 
2024-10-20T23:31:14.180+02:00 DEBUG 6496 --- [           main] org.hibernate.SQL                        : 
    drop table if exists user_roles cascade 
Hibernate: 
    drop table if exists user_roles cascade 
2024-10-20T23:31:14.180+02:00 DEBUG 6496 --- [           main] org.hibernate.SQL                        : 
    drop table if exists users cascade 
Hibernate: 
    drop table if exists users cascade 
2024-10-20T23:31:14.185+02:00 DEBUG 6496 --- [           main] org.hibernate.SQL                        : 
    create table categories (
        id bigint generated by default as identity,
        name varchar(50) not null unique,
        primary key (id)
    )
Hibernate: 
    create table categories (
        id bigint generated by default as identity,
        name varchar(50) not null unique,
        primary key (id)
    )
2024-10-20T23:31:14.195+02:00 DEBUG 6496 --- [           main] org.hibernate.SQL                        : 
    create table delivery_areas (
        id bigint generated by default as identity,
        restaurant_id bigint not null,
        street_name varchar(255),
        primary key (id)
    )
Hibernate: 
    create table delivery_areas (
        id bigint generated by default as identity,
        restaurant_id bigint not null,
        street_name varchar(255),
        primary key (id)
    )
2024-10-20T23:31:14.196+02:00 DEBUG 6496 --- [           main] org.hibernate.SQL                        : 
    create table menu_item_categories (
        category_id bigint not null,
        id bigint generated by default as identity,
        menu_item_id bigint not null,
        primary key (id)
    )
Hibernate: 
    create table menu_item_categories (
        category_id bigint not null,
        id bigint generated by default as identity,
        menu_item_id bigint not null,
        primary key (id)
    )
2024-10-20T23:31:14.198+02:00 DEBUG 6496 --- [           main] org.hibernate.SQL                        : 
    create table menu_items (
        price numeric(10,2) not null,
        created_at timestamp(6),
        id bigint generated by default as identity,
        restaurant_id bigint not null,
        name varchar(100) not null,
        description TEXT,
        image_url varchar(255),
        primary key (id)
    )
Hibernate: 
    create table menu_items (
        price numeric(10,2) not null,
        created_at timestamp(6),
        id bigint generated by default as identity,
        restaurant_id bigint not null,
        name varchar(100) not null,
        description TEXT,
        image_url varchar(255),
        primary key (id)
    )
2024-10-20T23:31:14.199+02:00 DEBUG 6496 --- [           main] org.hibernate.SQL                        : 
    create table order_items (
        price numeric(10,2) not null,
        quantity integer not null,
        id bigint generated by default as identity,
        menu_item_id bigint not null,
        order_id bigint not null,
        primary key (id)
    )
Hibernate: 
    create table order_items (
        price numeric(10,2) not null,
        quantity integer not null,
        id bigint generated by default as identity,
        menu_item_id bigint not null,
        order_id bigint not null,
        primary key (id)
    )
2024-10-20T23:31:14.200+02:00 DEBUG 6496 --- [           main] org.hibernate.SQL                        : 
    create table orders (
        total_price numeric(10,2),
        id bigint generated by default as identity,
        order_date timestamp(6),
        restaurant_id bigint not null,
        user_id bigint not null,
        order_status varchar(50),
        delivery_address varchar(255),
        primary key (id)
    )
Hibernate: 
    create table orders (
        total_price numeric(10,2),
        id bigint generated by default as identity,
        order_date timestamp(6),
        restaurant_id bigint not null,
        user_id bigint not null,
        order_status varchar(50),
        delivery_address varchar(255),
        primary key (id)
    )
2024-10-20T23:31:14.201+02:00 DEBUG 6496 --- [           main] org.hibernate.SQL                        : 
    create table restaurant_owners (
        created_at timestamp(6) not null,
        id bigint generated by default as identity,
        phone_number varchar(15),
        email varchar(100) not null,
        name varchar(100) not null,
        primary key (id)
    )
Hibernate: 
    create table restaurant_owners (
        created_at timestamp(6) not null,
        id bigint generated by default as identity,
        phone_number varchar(15),
        email varchar(100) not null,
        name varchar(100) not null,
        primary key (id)
    )
2024-10-20T23:31:14.202+02:00 DEBUG 6496 --- [           main] org.hibernate.SQL                        : 
    create table restaurants (
        created_at timestamp(6) not null,
        id bigint generated by default as identity,
        owner_id bigint,
        phone_number varchar(15),
        email varchar(100),
        name varchar(100) not null,
        address varchar(255) not null,
        description TEXT,
        primary key (id)
    )
Hibernate: 
    create table restaurants (
        created_at timestamp(6) not null,
        id bigint generated by default as identity,
        owner_id bigint,
        phone_number varchar(15),
        email varchar(100),
        name varchar(100) not null,
        address varchar(255) not null,
        description TEXT,
        primary key (id)
    )
2024-10-20T23:31:14.203+02:00 DEBUG 6496 --- [           main] org.hibernate.SQL                        : 
    create table roles (
        id bigint generated by default as identity,
        name varchar(50) not null unique,
        primary key (id)
    )
Hibernate: 
    create table roles (
        id bigint generated by default as identity,
        name varchar(50) not null unique,
        primary key (id)
    )
2024-10-20T23:31:14.205+02:00 DEBUG 6496 --- [           main] org.hibernate.SQL                        : 
    create table user_roles (
        id bigint generated by default as identity,
        role_id bigint not null,
        user_id bigint not null,
        primary key (id)
    )
Hibernate: 
    create table user_roles (
        id bigint generated by default as identity,
        role_id bigint not null,
        user_id bigint not null,
        primary key (id)
    )
2024-10-20T23:31:14.206+02:00 DEBUG 6496 --- [           main] org.hibernate.SQL                        : 
    create table users (
        created_at timestamp(6) not null,
        id bigint generated by default as identity,
        phone_number varchar(15),
        first_name varchar(50),
        last_name varchar(50),
        username varchar(50) not null unique,
        email varchar(100) not null unique,
        password varchar(100) not null,
        address varchar(255),
        primary key (id)
    )
Hibernate: 
    create table users (
        created_at timestamp(6) not null,
        id bigint generated by default as identity,
        phone_number varchar(15),
        first_name varchar(50),
        last_name varchar(50),
        username varchar(50) not null unique,
        email varchar(100) not null unique,
        password varchar(100) not null,
        address varchar(255),
        primary key (id)
    )
2024-10-20T23:31:14.209+02:00 DEBUG 6496 --- [           main] org.hibernate.SQL                        : 
    alter table if exists delivery_areas 
       add constraint FKm7lqoec37kaa5j2bnfnb6il69 
       foreign key (restaurant_id) 
       references restaurants
Hibernate: 
    alter table if exists delivery_areas 
       add constraint FKm7lqoec37kaa5j2bnfnb6il69 
       foreign key (restaurant_id) 
       references restaurants
2024-10-20T23:31:14.221+02:00 DEBUG 6496 --- [           main] org.hibernate.SQL                        : 
    alter table if exists menu_item_categories 
       add constraint FK6gr2b4s3iadfsgtsln9p07fon 
       foreign key (category_id) 
       references categories
Hibernate: 
    alter table if exists menu_item_categories 
       add constraint FK6gr2b4s3iadfsgtsln9p07fon 
       foreign key (category_id) 
       references categories
2024-10-20T23:31:14.222+02:00 DEBUG 6496 --- [           main] org.hibernate.SQL                        : 
    alter table if exists menu_item_categories 
       add constraint FK9nilucarxihv4wa9vjstm9quq 
       foreign key (menu_item_id) 
       references menu_items
Hibernate: 
    alter table if exists menu_item_categories 
       add constraint FK9nilucarxihv4wa9vjstm9quq 
       foreign key (menu_item_id) 
       references menu_items
2024-10-20T23:31:14.224+02:00 DEBUG 6496 --- [           main] org.hibernate.SQL                        : 
    alter table if exists menu_items 
       add constraint FKhaqtoboitpl0n541y0sc753my 
       foreign key (restaurant_id) 
       references restaurants
Hibernate: 
    alter table if exists menu_items 
       add constraint FKhaqtoboitpl0n541y0sc753my 
       foreign key (restaurant_id) 
       references restaurants
2024-10-20T23:31:14.225+02:00 DEBUG 6496 --- [           main] org.hibernate.SQL                        : 
    alter table if exists order_items 
       add constraint FKdtfg1f49yr5yye2fpl2xid2xo 
       foreign key (menu_item_id) 
       references menu_items
Hibernate: 
    alter table if exists order_items 
       add constraint FKdtfg1f49yr5yye2fpl2xid2xo 
       foreign key (menu_item_id) 
       references menu_items
2024-10-20T23:31:14.226+02:00 DEBUG 6496 --- [           main] org.hibernate.SQL                        : 
    alter table if exists order_items 
       add constraint FKbioxgbv59vetrxe0ejfubep1w 
       foreign key (order_id) 
       references orders
Hibernate: 
    alter table if exists order_items 
       add constraint FKbioxgbv59vetrxe0ejfubep1w 
       foreign key (order_id) 
       references orders
2024-10-20T23:31:14.227+02:00 DEBUG 6496 --- [           main] org.hibernate.SQL                        : 
    alter table if exists orders 
       add constraint FK2m9qulf12xm537bku3jnrrbup 
       foreign key (restaurant_id) 
       references restaurants
Hibernate: 
    alter table if exists orders 
       add constraint FK2m9qulf12xm537bku3jnrrbup 
       foreign key (restaurant_id) 
       references restaurants
2024-10-20T23:31:14.229+02:00 DEBUG 6496 --- [           main] org.hibernate.SQL                        : 
    alter table if exists orders 
       add constraint FK32ql8ubntj5uh44ph9659tiih 
       foreign key (user_id) 
       references users
Hibernate: 
    alter table if exists orders 
       add constraint FK32ql8ubntj5uh44ph9659tiih 
       foreign key (user_id) 
       references users
2024-10-20T23:31:14.230+02:00 DEBUG 6496 --- [           main] org.hibernate.SQL                        : 
    alter table if exists restaurants 
       add constraint FKm3p0u8w6vv8wps5a1inobchks 
       foreign key (owner_id) 
       references restaurant_owners
Hibernate: 
    alter table if exists restaurants 
       add constraint FKm3p0u8w6vv8wps5a1inobchks 
       foreign key (owner_id) 
       references restaurant_owners
2024-10-20T23:31:14.231+02:00 DEBUG 6496 --- [           main] org.hibernate.SQL                        : 
    alter table if exists user_roles 
       add constraint FKh8ciramu9cc9q3qcqiv4ue8a6 
       foreign key (role_id) 
       references roles
Hibernate: 
    alter table if exists user_roles 
       add constraint FKh8ciramu9cc9q3qcqiv4ue8a6 
       foreign key (role_id) 
       references roles
2024-10-20T23:31:14.232+02:00 DEBUG 6496 --- [           main] org.hibernate.SQL                        : 
    alter table if exists user_roles 
       add constraint FKhfh9dx7w3ubf1co1vdev94g3f 
       foreign key (user_id) 
       references users
Hibernate: 
    alter table if exists user_roles 
       add constraint FKhfh9dx7w3ubf1co1vdev94g3f 
       foreign key (user_id) 
       references users
2024-10-20T23:31:14.237+02:00  INFO 6496 --- [           main] j.LocalContainerEntityManagerFactoryBean : Initialized JPA EntityManagerFactory for persistence unit 'default'
2024-10-20T23:31:14.810+02:00  WARN 6496 --- [           main] JpaBaseConfiguration$JpaWebConfiguration : spring.jpa.open-in-view is enabled by default. Therefore, database queries may be performed during view rendering. Explicitly configure spring.jpa.open-in-view to disable this warning
2024-10-20T23:31:14.817+02:00  WARN 6496 --- [           main] r$InitializeUserDetailsManagerConfigurer : Found 2 UserDetailsService beans, with names [customUserDetailsService, userDetailsServiceImpl]. Global Authentication Manager will not use a UserDetailsService for username/password login. Consider publishing a single UserDetailsService bean.
2024-10-20T23:31:15.032+02:00  INFO 6496 --- [           main] o.a.c.c.C.[Tomcat].[localhost].[/]       : Initializing Spring TestDispatcherServlet ''
2024-10-20T23:31:15.033+02:00  INFO 6496 --- [           main] o.s.t.web.servlet.TestDispatcherServlet  : Initializing Servlet ''
2024-10-20T23:31:15.033+02:00  INFO 6496 --- [           main] o.s.t.web.servlet.TestDispatcherServlet  : Completed initialization in 0 ms
2024-10-20T23:31:15.255+02:00  INFO 6496 --- [           main] o.s.b.w.embedded.tomcat.TomcatWebServer  : Tomcat started on port 58065 (http) with context path '/'
2024-10-20T23:31:15.260+02:00  INFO 6496 --- [           main] p.c.rest.CategoryRestControllerTest      : Started CategoryRestControllerTest in 4.141 seconds (process running for 13.862)
2024-10-20T23:31:15.448+02:00 DEBUG 6496 --- [           main] org.hibernate.SQL                        : 
    insert 
    into
        categories
        (name, id) 
    values
        (?, default)
Hibernate: 
    insert 
    into
        categories
        (name, id) 
    values
        (?, default)
Category(id=1, name=Test Category, menuItems=[])
2024-10-20T23:31:15.599+02:00 DEBUG 6496 --- [           main] org.hibernate.SQL                        : 
    select
        c1_0.id,
        c1_0.name 
    from
        categories c1_0
Hibernate: 
    select
        c1_0.id,
        c1_0.name 
    from
        categories c1_0
2024-10-20T23:31:15.602+02:00  INFO 6496 --- [           main] p.service.CategoryService                : Retrieved categories: [Category(id=1, name=Test Category, menuItems=[])]
]]></system-out>
  </testcase>
  <testcase name="testUpdateCategory" classname="projektZajavka2.controller.rest.CategoryRestControllerTest" time="0.071">
    <system-out><![CDATA[2024-10-20T23:31:15.687+02:00 DEBUG 6496 --- [           main] org.hibernate.SQL                        : 
    insert 
    into
        categories
        (name, id) 
    values
        (?, default)
Hibernate: 
    insert 
    into
        categories
        (name, id) 
    values
        (?, default)
Category(id=2, name=Test Category, menuItems=[])
]]></system-out>
  </testcase>
  <testcase name="testDeleteCategory" classname="projektZajavka2.controller.rest.CategoryRestControllerTest" time="0.025">
    <system-out><![CDATA[2024-10-20T23:31:15.763+02:00 DEBUG 6496 --- [           main] org.hibernate.SQL                        : 
    insert 
    into
        categories
        (name, id) 
    values
        (?, default)
Hibernate: 
    insert 
    into
        categories
        (name, id) 
    values
        (?, default)
Category(id=3, name=Test Category, menuItems=[])

MockHttpServletRequest:
      HTTP Method = DELETE
      Request URI = /api/categories/3
       Parameters = {_csrf=[iUobTpf_KMFFnFyYxX9GvuTOYKdhq9vDnmCMTWcB5QZM5DtGuH19L_OeGvBorT-h9VJyiNKoTcUHme3uqlLqewRj0jAohgN_]}
          Headers = []
             Body = null
    Session Attrs = {SPRING_SECURITY_CONTEXT=SecurityContextImpl [Authentication=UsernamePasswordAuthenticationToken [Principal=org.springframework.security.core.userdetails.User [Username=admin, Password=[PROTECTED], Enabled=true, AccountNonExpired=true, CredentialsNonExpired=true, AccountNonLocked=true, Granted Authorities=[ROLE_ADMIN]], Credentials=[PROTECTED], Authenticated=true, Details=null, Granted Authorities=[ROLE_ADMIN]]]}

Handler:
             Type = projektZajavka2.controller.rest.CategoryRestController
           Method = projektZajavka2.controller.rest.CategoryRestController#deleteCategory(Long)

Async:
    Async started = false
     Async result = null

Resolved Exception:
             Type = null

ModelAndView:
        View name = null
             View = null
            Model = null

FlashMap:
       Attributes = null

MockHttpServletResponse:
           Status = 204
    Error message = null
          Headers = [X-Content-Type-Options:"nosniff", X-XSS-Protection:"0", Cache-Control:"no-cache, no-store, max-age=0, must-revalidate", Pragma:"no-cache", Expires:"0", X-Frame-Options:"DENY"]
     Content type = null
             Body = 
    Forwarded URL = null
   Redirected URL = null
          Cookies = []
2024-10-20T23:31:15.778+02:00 DEBUG 6496 --- [           main] org.hibernate.SQL                        : 
    delete 
    from
        categories 
    where
        id=?
Hibernate: 
    delete 
    from
        categories 
    where
        id=?
2024-10-20T23:31:15.781+02:00 DEBUG 6496 --- [           main] org.hibernate.SQL                        : 
    select
        c1_0.id,
        c1_0.name 
    from
        categories c1_0
Hibernate: 
    select
        c1_0.id,
        c1_0.name 
    from
        categories c1_0
2024-10-20T23:31:15.782+02:00  INFO 6496 --- [           main] p.service.CategoryService                : Retrieved categories: []
]]></system-out>
  </testcase>
  <testcase name="testCreateAndGetCategory" classname="projektZajavka2.controller.rest.CategoryRestControllerTest" time="0.048">
    <system-out><![CDATA[2024-10-20T23:31:15.789+02:00 DEBUG 6496 --- [           main] org.hibernate.SQL                        : 
    insert 
    into
        categories
        (name, id) 
    values
        (?, default)
Hibernate: 
    insert 
    into
        categories
        (name, id) 
    values
        (?, default)
Category(id=4, name=Test Category, menuItems=[])
2024-10-20T23:31:15.795+02:00 DEBUG 6496 --- [           main] org.hibernate.SQL                        : 
    insert 
    into
        restaurants
        (address, created_at, description, email, name, owner_id, phone_number, id) 
    values
        (?, ?, ?, ?, ?, ?, ?, default)
Hibernate: 
    insert 
    into
        restaurants
        (address, created_at, description, email, name, owner_id, phone_number, id) 
    values
        (?, ?, ?, ?, ?, ?, ?, default)
2024-10-20T23:31:15.798+02:00 DEBUG 6496 --- [           main] org.hibernate.SQL                        : 
    insert 
    into
        categories
        (name, id) 
    values
        (?, default)
Hibernate: 
    insert 
    into
        categories
        (name, id) 
    values
        (?, default)
2024-10-20T23:31:15.801+02:00 DEBUG 6496 --- [           main] org.hibernate.SQL                        : 
    insert 
    into
        menu_items
        (created_at, description, image_url, name, price, restaurant_id, id) 
    values
        (?, ?, ?, ?, ?, ?, default)
Hibernate: 
    insert 
    into
        menu_items
        (created_at, description, image_url, name, price, restaurant_id, id) 
    values
        (?, ?, ?, ?, ?, ?, default)
ID nowej kategorii: 5, Nazwa: New Category
2024-10-20T23:31:15.812+02:00 DEBUG 6496 --- [           main] org.hibernate.SQL                        : 
    select
        c1_0.id,
        c1_0.name 
    from
        categories c1_0
Hibernate: 
    select
        c1_0.id,
        c1_0.name 
    from
        categories c1_0
2024-10-20T23:31:15.813+02:00  INFO 6496 --- [           main] p.service.CategoryService                : Retrieved categories: [Category(id=5, name=New Category, menuItems=[]), Category(id=4, name=Test Category, menuItems=[])]
]]></system-out>
  </testcase>
</testsuite>